[debug] [2018-08-11T17:31:33.962Z] ----------------------------------------------------------------------
[debug] [2018-08-11T17:31:33.967Z] Command:       /usr/local/Cellar/node/10.4.1/bin/node /usr/local/bin/firebase deploy
[debug] [2018-08-11T17:31:33.968Z] CLI Version:   3.18.6
[debug] [2018-08-11T17:31:33.968Z] Platform:      darwin
[debug] [2018-08-11T17:31:33.968Z] Node Version:  v10.4.1
[debug] [2018-08-11T17:31:33.969Z] Time:          Sat Aug 11 2018 19:31:33 GMT+0200 (Central European Summer Time)
[debug] [2018-08-11T17:31:33.969Z] ----------------------------------------------------------------------
[debug] 
[debug] [2018-08-11T17:31:33.983Z] > command requires scopes: ["email","openid","https://www.googleapis.com/auth/cloudplatformprojects.readonly","https://www.googleapis.com/auth/firebase","https://www.googleapis.com/auth/cloud-platform"]
[debug] [2018-08-11T17:31:33.983Z] > authorizing via signed-in user
[debug] [2018-08-11T17:31:33.987Z] > refreshing access token with scopes: ["email","https://www.googleapis.com/auth/cloud-platform","https://www.googleapis.com/auth/cloudplatformprojects.readonly","https://www.googleapis.com/auth/firebase","openid"]
[debug] [2018-08-11T17:31:33.987Z] >>> HTTP REQUEST POST https://www.googleapis.com/oauth2/v3/token  
 { refresh_token: '1/lwPdfDn_nQ4HEfHcm1LmaTpptj7aOQBmWJDIQIkLqKw',
  client_id:
   '563584335869-fgrhgmd47bqnekij5i8b5pr03ho849e6.apps.googleusercontent.com',
  client_secret: 'j9iVZfS8kkCEFUPaAeJV0sAi',
  grant_type: 'refresh_token',
  scope:
   'email https://www.googleapis.com/auth/cloud-platform https://www.googleapis.com/auth/cloudplatformprojects.readonly https://www.googleapis.com/auth/firebase openid' } 
 Sat Aug 11 2018 19:31:33 GMT+0200 (Central European Summer Time)
[debug] [2018-08-11T17:31:34.269Z] <<< HTTP RESPONSE 200
[debug] [2018-08-11T17:31:34.278Z] >>> HTTP REQUEST GET https://admin.firebase.com/v1/projects/adamnovotnycom-prod  
  
 Sat Aug 11 2018 19:31:34 GMT+0200 (Central European Summer Time)
[debug] [2018-08-11T17:31:35.087Z] <<< HTTP RESPONSE 200
[debug] [2018-08-11T17:31:35.088Z] >>> HTTP REQUEST GET https://admin.firebase.com/v1/database/adamnovotnycom-prod/tokens  
  
 Sat Aug 11 2018 19:31:35 GMT+0200 (Central European Summer Time)
[debug] [2018-08-11T17:31:35.886Z] <<< HTTP RESPONSE 200
[info] 
[info] === Deploying to 'adamnovotnycom-prod'...
[info] 
[info] i  deploying hosting
[info] i  hosting: preparing dist/adam-novotny-com directory for upload...
[debug] [2018-08-11T17:31:37.366Z] >>> HTTP REQUEST PUT https://deploy.firebase.com/v1/hosting/adamnovotnycom-prod/uploads/-LJe1m0uJXLhCZsjlE3G?fileCount=28&message=  
  
 Sat Aug 11 2018 19:31:37 GMT+0200 (Central European Summer Time)
